<?xml version="1.0" encoding="UTF-8"?>
<!-- Generated by org.testng.reporters.JUnitReportReporter -->
<testsuite hostname="DESKTOP-NNODB69" failures="0" tests="1" name="organizationtest.CreateOrganizationTest" time="0.021" errors="0" timestamp="2022-12-17T17:06:31 IST" skipped="0">
  <testcase classname="organizationtest.CreateOrganizationTest" name="TC_215_CreateOrgWithMandatoryFieldsTest" time="0.021"/>
  <system-out/>
</testsuite> <!-- organizationtest.CreateOrganizationTest -->
