<?xml version="1.0" encoding="UTF-8"?>
<!-- Generated by org.testng.reporters.JUnitReportReporter -->
<testsuite hostname="DESKTOP-NNODB69" failures="0" tests="1" name="demo.Sample" time="0.007" errors="0" timestamp="2022-12-15T15:22:31 IST" skipped="0">
  <testcase classname="demo.Sample" name="sampleTest" time="0.007"/>
  <system-out/>
</testsuite> <!-- demo.Sample -->
